<?xml version="1.0" encoding="UTF-8"?>
<robot generator="Robot 5.0.1 (Python 3.10.6 on win32)" generated="20220920 07:20:40.177" rpa="false" schemaversion="3">
<suite id="s1" name="Tes1" source="I:\My Drive\BOT 2022\Source Selenium\Robot Framework\tes1.robot">
<test id="s1-t1" name="Buka Gugel" line="6">
<kw name="Open Browser">
<arg>http://demo.imacros.net/Automate/TestForm1</arg>
<arg>chrome</arg>
<msg timestamp="20220920 07:20:40.291" level="FAIL">No keyword with name 'Open Browser' found.</msg>
<status status="FAIL" starttime="20220920 07:20:40.290" endtime="20220920 07:20:40.291"/>
</kw>
<kw name="Close Browser">
<status status="NOT RUN" starttime="20220920 07:20:40.297" endtime="20220920 07:20:40.297"/>
</kw>
<status status="FAIL" starttime="20220920 07:20:40.286" endtime="20220920 07:20:40.299">No keyword with name 'Open Browser' found.</status>
</test>
<test id="s1-t2" name="DemoQA Input Text" line="10">
<kw name="Input text di Kolom Nama" library="steps">
<kw name="Open Browser">
<arg>${url_demoQA}</arg>
<arg>chrome</arg>
<msg timestamp="20220920 07:20:40.305" level="FAIL">No keyword with name 'Open Browser' found.</msg>
<status status="FAIL" starttime="20220920 07:20:40.304" endtime="20220920 07:20:40.305"/>
</kw>
<kw name="Maximize Browser Window">
<status status="NOT RUN" starttime="20220920 07:20:40.312" endtime="20220920 07:20:40.312"/>
</kw>
<kw name="Input Text">
<arg>${text}</arg>
<arg>Permadi</arg>
<status status="NOT RUN" starttime="20220920 07:20:40.313" endtime="20220920 07:20:40.313"/>
</kw>
<status status="FAIL" starttime="20220920 07:20:40.301" endtime="20220920 07:20:40.314"/>
</kw>
<status status="FAIL" starttime="20220920 07:20:40.300" endtime="20220920 07:20:40.315">No keyword with name 'Open Browser' found.</status>
</test>
<status status="FAIL" starttime="20220920 07:20:40.177" endtime="20220920 07:20:40.319"/>
</suite>
<statistics>
<total>
<stat pass="0" fail="2" skip="0">All Tests</stat>
</total>
<tag>
</tag>
<suite>
<stat pass="0" fail="2" skip="0" id="s1" name="Tes1">Tes1</stat>
</suite>
</statistics>
<errors>
<msg timestamp="20220920 07:20:40.249" level="ERROR">Error in file 'I:\My Drive\BOT 2022\Source Selenium\Robot Framework\tes1.robot' on line 2: Importing library 'SeleniumLibrary' failed: ModuleNotFoundError: No module named 'SeleniumLibrary'
Traceback (most recent call last):
  None
PYTHONPATH:
  I:\My Drive\BOT 2022\Source Selenium\Robot Framework
  C:\Python310\python310.zip
  C:\Users\permadi\AppData\Local\Programs\Python\Python310\Lib
  C:\Users\permadi\AppData\Local\Programs\Python\Python310\DLLs
  C:\Python310
  C:\Users\permadi\AppData\Local\Programs\Python\Python310
  C:\Users\permadi\AppData\Local\Programs\Python\Python310\lib\site-packages
  C:\Users\permadi\AppData\Local\Programs\Python\Python310\lib\site-packages\videoconverter-1.1.0-py3.10.egg</msg>
<msg timestamp="20220920 07:20:40.275" level="ERROR">Error in file 'I:\My Drive\BOT 2022\Source Selenium\Robot Framework\resources\steps.robot' on line 2: Importing library 'SeleniumLibrary' failed: ModuleNotFoundError: No module named 'SeleniumLibrary'
Traceback (most recent call last):
  None
PYTHONPATH:
  I:\My Drive\BOT 2022\Source Selenium\Robot Framework
  C:\Python310\python310.zip
  C:\Users\permadi\AppData\Local\Programs\Python\Python310\Lib
  C:\Users\permadi\AppData\Local\Programs\Python\Python310\DLLs
  C:\Python310
  C:\Users\permadi\AppData\Local\Programs\Python\Python310
  C:\Users\permadi\AppData\Local\Programs\Python\Python310\lib\site-packages
  C:\Users\permadi\AppData\Local\Programs\Python\Python310\lib\site-packages\videoconverter-1.1.0-py3.10.egg</msg>
</errors>
</robot>
